<?xml version="1.0" encoding="UTF-8"?>
<testsuite xmlns:xsi="http://www.w3.org/2001/XMLSchema-instance" xsi:noNamespaceSchemaLocation="https://maven.apache.org/surefire/maven-surefire-plugin/xsd/surefire-test-report.xsd" name="Controlador.ControladorTest" time="8.438" tests="19" errors="0" skipped="0" failures="0">
  <properties>
    <property name="java.specification.version" value="17"/>
    <property name="sun.cpu.isalist" value="amd64"/>
    <property name="sun.jnu.encoding" value="Cp1252"/>
    <property name="java.class.path" value="C:\Users\johnm\OneDrive\Documentos\NetBeansProjects\formula1\target\test-classes;C:\Users\johnm\OneDrive\Documentos\NetBeansProjects\formula1\target\classes;C:\Users\johnm\.m2\repository\org\xerial\sqlite-jdbc\3.36.0.1\sqlite-jdbc-3.36.0.1.jar;C:\Users\johnm\.m2\repository\org\slf4j\slf4j-api\2.0.9\slf4j-api-2.0.9.jar;C:\Users\johnm\.m2\repository\org\slf4j\slf4j-nop\2.0.9\slf4j-nop-2.0.9.jar;C:\Users\johnm\.m2\repository\org\slf4j\slf4j-jdk14\2.0.9\slf4j-jdk14-2.0.9.jar;C:\Users\johnm\.m2\repository\org\slf4j\slf4j-simple\2.0.9\slf4j-simple-2.0.9.jar;C:\Users\johnm\.m2\repository\org\junit\jupiter\junit-jupiter-api\5.6.0\junit-jupiter-api-5.6.0.jar;C:\Users\johnm\.m2\repository\org\apiguardian\apiguardian-api\1.1.0\apiguardian-api-1.1.0.jar;C:\Users\johnm\.m2\repository\org\opentest4j\opentest4j\1.2.0\opentest4j-1.2.0.jar;C:\Users\johnm\.m2\repository\org\junit\platform\junit-platform-commons\1.6.0\junit-platform-commons-1.6.0.jar;C:\Users\johnm\.m2\repository\org\junit\jupiter\junit-jupiter-params\5.6.0\junit-jupiter-params-5.6.0.jar;C:\Users\johnm\.m2\repository\org\junit\jupiter\junit-jupiter-engine\5.6.0\junit-jupiter-engine-5.6.0.jar;C:\Users\johnm\.m2\repository\org\junit\platform\junit-platform-engine\1.6.0\junit-platform-engine-1.6.0.jar;"/>
    <property name="java.vm.vendor" value="Oracle Corporation"/>
    <property name="sun.arch.data.model" value="64"/>
    <property name="user.variant" value=""/>
    <property name="java.vendor.url" value="https://java.oracle.com/"/>
    <property name="user.timezone" value="Europe/Madrid"/>
    <property name="os.name" value="Windows 10"/>
    <property name="java.vm.specification.version" value="17"/>
    <property name="user.country" value="ES"/>
    <property name="sun.java.launcher" value="SUN_STANDARD"/>
    <property name="sun.boot.library.path" value="C:\Program Files\Java\jdk-17.0.1\bin"/>
    <property name="sun.java.command" value="C:\Users\johnm\AppData\Local\Temp\surefire3072566989598228275\surefirebooter15528466997341751512.jar C:\Users\johnm\AppData\Local\Temp\surefire3072566989598228275 2023-12-03T18-38-00_198-jvmRun1 surefire10815470314366343258tmp surefire_02130958415257591477tmp"/>
    <property name="jdk.debug" value="release"/>
    <property name="surefire.test.class.path" value="C:\Users\johnm\OneDrive\Documentos\NetBeansProjects\formula1\target\test-classes;C:\Users\johnm\OneDrive\Documentos\NetBeansProjects\formula1\target\classes;C:\Users\johnm\.m2\repository\org\xerial\sqlite-jdbc\3.36.0.1\sqlite-jdbc-3.36.0.1.jar;C:\Users\johnm\.m2\repository\org\slf4j\slf4j-api\2.0.9\slf4j-api-2.0.9.jar;C:\Users\johnm\.m2\repository\org\slf4j\slf4j-nop\2.0.9\slf4j-nop-2.0.9.jar;C:\Users\johnm\.m2\repository\org\slf4j\slf4j-jdk14\2.0.9\slf4j-jdk14-2.0.9.jar;C:\Users\johnm\.m2\repository\org\slf4j\slf4j-simple\2.0.9\slf4j-simple-2.0.9.jar;C:\Users\johnm\.m2\repository\org\junit\jupiter\junit-jupiter-api\5.6.0\junit-jupiter-api-5.6.0.jar;C:\Users\johnm\.m2\repository\org\apiguardian\apiguardian-api\1.1.0\apiguardian-api-1.1.0.jar;C:\Users\johnm\.m2\repository\org\opentest4j\opentest4j\1.2.0\opentest4j-1.2.0.jar;C:\Users\johnm\.m2\repository\org\junit\platform\junit-platform-commons\1.6.0\junit-platform-commons-1.6.0.jar;C:\Users\johnm\.m2\repository\org\junit\jupiter\junit-jupiter-params\5.6.0\junit-jupiter-params-5.6.0.jar;C:\Users\johnm\.m2\repository\org\junit\jupiter\junit-jupiter-engine\5.6.0\junit-jupiter-engine-5.6.0.jar;C:\Users\johnm\.m2\repository\org\junit\platform\junit-platform-engine\1.6.0\junit-platform-engine-1.6.0.jar;"/>
    <property name="sun.cpu.endian" value="little"/>
    <property name="user.home" value="C:\Users\johnm"/>
    <property name="user.language" value="es"/>
    <property name="java.specification.vendor" value="Oracle Corporation"/>
    <property name="java.version.date" value="2021-10-19"/>
    <property name="java.home" value="C:\Program Files\Java\jdk-17.0.1"/>
    <property name="file.separator" value="\"/>
    <property name="basedir" value="C:\Users\johnm\OneDrive\Documentos\NetBeansProjects\formula1"/>
    <property name="java.vm.compressedOopsMode" value="Zero based"/>
    <property name="line.separator" value="&#10;"/>
    <property name="java.vm.specification.vendor" value="Oracle Corporation"/>
    <property name="java.specification.name" value="Java Platform API Specification"/>
    <property name="surefire.real.class.path" value="C:\Users\johnm\AppData\Local\Temp\surefire3072566989598228275\surefirebooter15528466997341751512.jar"/>
    <property name="user.script" value=""/>
    <property name="sun.management.compiler" value="HotSpot 64-Bit Tiered Compilers"/>
    <property name="java.runtime.version" value="17.0.1+12-LTS-39"/>
    <property name="user.name" value="johnm"/>
    <property name="path.separator" value=";"/>
    <property name="os.version" value="10.0"/>
    <property name="java.runtime.name" value="Java(TM) SE Runtime Environment"/>
    <property name="file.encoding" value="UTF-8"/>
    <property name="java.vm.name" value="Java HotSpot(TM) 64-Bit Server VM"/>
    <property name="maven.ext.class.path" value="C:\Program Files\NetBeans-12.5\netbeans\java\maven-nblib\netbeans-eventspy.jar"/>
    <property name="localRepository" value="C:\Users\johnm\.m2\repository"/>
    <property name="java.vendor.url.bug" value="https://bugreport.java.com/bugreport/"/>
    <property name="java.io.tmpdir" value="C:\Users\johnm\AppData\Local\Temp\"/>
    <property name="java.version" value="17.0.1"/>
    <property name="user.dir" value="C:\Users\johnm\OneDrive\Documentos\NetBeansProjects\formula1"/>
    <property name="os.arch" value="amd64"/>
    <property name="java.vm.specification.name" value="Java Virtual Machine Specification"/>
    <property name="sun.os.patch.level" value=""/>
    <property name="native.encoding" value="Cp1252"/>
    <property name="java.library.path" value="C:\Program Files\Java\jdk-17.0.1\bin;C:\WINDOWS\Sun\Java\bin;C:\WINDOWS\system32;C:\WINDOWS;C:\Python312\Scripts\;C:\Python312\;C:\oraclexe\app\oracle\product\11.2.0\server\bin;C:\app\johnm\product\21c\dbhomeXE\bin;C:\MinGW\bin;C:\MinGW\libexec\gcc\x86_64-w64-mingw32\11.1.0;C:\Program Files\AdoptOpenJDK\jdk-8.0.282.8-hotspot\bin;C:\Program Files\Common Files\Oracle\Java\javapath;C:\Program Files (x86)\Common Files\Oracle\Java\javapath;C:\WINDOWS\system32;C:\WINDOWS;C:\WINDOWS\System32\Wbem;C:\WINDOWS\System32\WindowsPowerShell\v1.0\;C:\WINDOWS\System32\OpenSSH\;C:\Program Files (x86)\NVIDIA Corporation\PhysX\Common;C:\Program Files\NVIDIA Corporation\NVIDIA NvDLISR;C:\Program Files\Wolfram Research\WolframScript\;C:\TDM-GCC-64\bin;C:\cygwin64\bin;C:\cygwin64\lib;C;C:\Program Files\doxygen\bin;C:\WINDOWS\system32;C:\WINDOWS;C:\WINDOWS\System32\Wbem;C:\WINDOWS\System32\WindowsPowerShell\v1.0\;C:\WINDOWS\System32\OpenSSH\;C:\Program Files\Git\cmd;C:\Program Files\dotnet\;C:\Program Files\Java\jdk-17.0.1\bin;C:\ProgramData\chocolatey\bin;C:\Program Files\nodejs\node_modules\npm;C:\Program Files\nodejs\;C:\Users\johnm\AppData\Local\Microsoft\WindowsApps;C:\MinGW\bin;C:\Users\johnm\AppData\Local\Programs\Microsoft VS Code\bin;C:\Users\johnm\.dotnet\tools;C:\Users\johnm\AppData\Local\GitHubDesktop\bin;C:\Program Files\sf\bin;C:\Users\johnm\AppData\Roaming\npm;."/>
    <property name="java.vm.info" value="mixed mode, sharing"/>
    <property name="java.vendor" value="Oracle Corporation"/>
    <property name="java.vm.version" value="17.0.1+12-LTS-39"/>
    <property name="sun.io.unicode.encoding" value="UnicodeLittle"/>
    <property name="java.class.version" value="61.0"/>
  </properties>
  <testcase name="modificarIngeniero" classname="Controlador.ControladorTest" time="2.461"/>
  <testcase name="relacionCochePiloto" classname="Controlador.ControladorTest" time="0.559"/>
  <testcase name="borrarEquipoCarreras" classname="Controlador.ControladorTest" time="0.21"/>
  <testcase name="insertarPiloto" classname="Controlador.ControladorTest" time="0.111"/>
  <testcase name="borrarPiloto" classname="Controlador.ControladorTest" time="0.244"/>
  <testcase name="modificarCoche" classname="Controlador.ControladorTest" time="0.399"/>
  <testcase name="modificarPiloto" classname="Controlador.ControladorTest" time="0.368"/>
  <testcase name="obtenerDatosBD" classname="Controlador.ControladorTest" time="0.006"/>
  <testcase name="modificarInforme" classname="Controlador.ControladorTest" time="0.637"/>
  <testcase name="borrarInforme" classname="Controlador.ControladorTest" time="0.611"/>
  <testcase name="modificarEquipoCarreras" classname="Controlador.ControladorTest" time="0.244"/>
  <testcase name="borrarCoche" classname="Controlador.ControladorTest" time="0.266"/>
  <testcase name="borrarIngeniero" classname="Controlador.ControladorTest" time="0.266"/>
  <testcase name="generarInforme" classname="Controlador.ControladorTest" time="0.366"/>
  <testcase name="insertarEquipoCarreras" classname="Controlador.ControladorTest" time="0.132"/>
  <testcase name="insertarIngeniero" classname="Controlador.ControladorTest" time="0.133"/>
  <testcase name="relacionCocheIngeniero" classname="Controlador.ControladorTest" time="0.744"/>
  <testcase name="insertarCoche" classname="Controlador.ControladorTest" time="0.122"/>
  <testcase name="relacionEquipoPiloto" classname="Controlador.ControladorTest" time="0.533"/>
</testsuite>